# JRE version: Java(TM) SE Runtime Environment (8.0_221-b11) (build 1.8.0_221-b11)
# Java VM: Java HotSpot(TM) 64-Bit Server VM (25.221-b11 mixed mode windows-amd64 compressed oops)
Heap:
 PSYoungGen      total 125952K, used 53950K [0x00000000d5e00000, 0x00000000def00000, 0x0000000100000000)
  eden space 117248K, 38% used [0x00000000d5e00000,0x00000000d8a95cc8,0x00000000dd080000)
  from space 8704K, 95% used [0x00000000de680000,0x00000000dee99bd8,0x00000000def00000)
  to   space 10752K, 0% used [0x00000000dda00000,0x00000000dda00000,0x00000000de480000)
 ParOldGen       total 86016K, used 14733K [0x0000000081a00000, 0x0000000086e00000, 0x00000000d5e00000)
  object space 86016K, 17% used [0x0000000081a00000,0x0000000082863770,0x0000000086e00000)
 Metaspace       used 40496K, capacity 43044K, committed 43184K, reserved 1087488K
  class space    used 5091K, capacity 5529K, committed 5552K, reserved 1048576K
GC Heap History (10 events):
Event: 6.146 GC heap before
{Heap before GC invocations=8 (full 1):
 PSYoungGen      total 59904K, used 59578K [0x00000000d5e00000, 0x00000000dab80000, 0x0000000100000000)
  eden space 55808K, 100% used [0x00000000d5e00000,0x00000000d9480000,0x00000000d9480000)
  from space 4096K, 92% used [0x00000000da780000,0x00000000dab2e9b0,0x00000000dab80000)
  to   space 8704K, 0% used [0x00000000d9a80000,0x00000000d9a80000,0x00000000da300000)
 ParOldGen       total 52736K, used 6310K [0x0000000081a00000, 0x0000000084d80000, 0x00000000d5e00000)
  object space 52736K, 11% used [0x0000000081a00000,0x0000000082029a00,0x0000000084d80000)
 Metaspace       used 24846K, capacity 26446K, committed 26544K, reserved 1073152K
  class space    used 3172K, capacity 3481K, committed 3504K, reserved 1048576K
Event: 6.157 GC heap after
Heap after GC invocations=8 (full 1):
 PSYoungGen      total 70656K, used 5118K [0x00000000d5e00000, 0x00000000dc900000, 0x0000000100000000)
  eden space 61952K, 0% used [0x00000000d5e00000,0x00000000d5e00000,0x00000000d9a80000)
  from space 8704K, 58% used [0x00000000d9a80000,0x00000000d9f7f988,0x00000000da300000)
  to   space 8192K, 0% used [0x00000000dc100000,0x00000000dc100000,0x00000000dc900000)
 ParOldGen       total 52736K, used 6318K [0x0000000081a00000, 0x0000000084d80000, 0x00000000d5e00000)
  object space 52736K, 11% used [0x0000000081a00000,0x000000008202ba00,0x0000000084d80000)
 Metaspace       used 24846K, capacity 26446K, committed 26544K, reserved 1073152K
  class space    used 3172K, capacity 3481K, committed 3504K, reserved 1048576K
}
Event: 7.052 GC heap before
{Heap before GC invocations=9 (full 1):
 PSYoungGen      total 70656K, used 67070K [0x00000000d5e00000, 0x00000000dc900000, 0x0000000100000000)
  eden space 61952K, 100% used [0x00000000d5e00000,0x00000000d9a80000,0x00000000d9a80000)
  from space 8704K, 58% used [0x00000000d9a80000,0x00000000d9f7f988,0x00000000da300000)
  to   space 8192K, 0% used [0x00000000dc100000,0x00000000dc100000,0x00000000dc900000)
 ParOldGen       total 52736K, used 6318K [0x0000000081a00000, 0x0000000084d80000, 0x00000000d5e00000)
  object space 52736K, 11% used [0x0000000081a00000,0x000000008202ba00,0x0000000084d80000)
 Metaspace       used 27946K, capacity 29754K, committed 30128K, reserved 1075200K
  class space    used 3586K, capacity 3893K, committed 4016K, reserved 1048576K
Event: 7.064 GC heap after
Heap after GC invocations=9 (full 1):
 PSYoungGen      total 100864K, used 7307K [0x00000000d5e00000, 0x00000000dd380000, 0x0000000100000000)
  eden space 92672K, 0% used [0x00000000d5e00000,0x00000000d5e00000,0x00000000db880000)
  from space 8192K, 89% used [0x00000000dc100000,0x00000000dc822c80,0x00000000dc900000)
  to   space 8704K, 0% used [0x00000000db880000,0x00000000db880000,0x00000000dc100000)
 ParOldGen       total 52736K, used 6326K [0x0000000081a00000, 0x0000000084d80000, 0x00000000d5e00000)
  object space 52736K, 11% used [0x0000000081a00000,0x000000008202da00,0x0000000084d80000)
 Metaspace       used 27946K, capacity 29754K, committed 30128K, reserved 1075200K
  class space    used 3586K, capacity 3893K, committed 4016K, reserved 1048576K
}
Event: 7.883 GC heap before
{Heap before GC invocations=10 (full 1):
 PSYoungGen      total 100864K, used 65818K [0x00000000d5e00000, 0x00000000dd380000, 0x0000000100000000)
  eden space 92672K, 63% used [0x00000000d5e00000,0x00000000d9723c98,0x00000000db880000)
  from space 8192K, 89% used [0x00000000dc100000,0x00000000dc822c80,0x00000000dc900000)
  to   space 8704K, 0% used [0x00000000db880000,0x00000000db880000,0x00000000dc100000)
 ParOldGen       total 52736K, used 6326K [0x0000000081a00000, 0x0000000084d80000, 0x00000000d5e00000)
  object space 52736K, 11% used [0x0000000081a00000,0x000000008202da00,0x0000000084d80000)
 Metaspace       used 33483K, capacity 35268K, committed 35496K, reserved 1081344K
  class space    used 4220K, capacity 4549K, committed 4656K, reserved 1048576K
Event: 7.897 GC heap after
Heap after GC invocations=10 (full 1):
 PSYoungGen      total 101376K, used 8675K [0x00000000d5e00000, 0x00000000df080000, 0x0000000100000000)
  eden space 92672K, 0% used [0x00000000d5e00000,0x00000000d5e00000,0x00000000db880000)
  from space 8704K, 99% used [0x00000000db880000,0x00000000dc0f8e30,0x00000000dc100000)
  to   space 10240K, 0% used [0x00000000de680000,0x00000000de680000,0x00000000df080000)
 ParOldGen       total 52736K, used 8238K [0x0000000081a00000, 0x0000000084d80000, 0x00000000d5e00000)
  object space 52736K, 15% used [0x0000000081a00000,0x000000008220bb40,0x0000000084d80000)
 Metaspace       used 33483K, capacity 35268K, committed 35496K, reserved 1081344K
  class space    used 4220K, capacity 4549K, committed 4656K, reserved 1048576K
}
Event: 7.897 GC heap before
{Heap before GC invocations=11 (full 2):
 PSYoungGen      total 101376K, used 8675K [0x00000000d5e00000, 0x00000000df080000, 0x0000000100000000)
  eden space 92672K, 0% used [0x00000000d5e00000,0x00000000d5e00000,0x00000000db880000)
  from space 8704K, 99% used [0x00000000db880000,0x00000000dc0f8e30,0x00000000dc100000)
  to   space 10240K, 0% used [0x00000000de680000,0x00000000de680000,0x00000000df080000)
 ParOldGen       total 52736K, used 8238K [0x0000000081a00000, 0x0000000084d80000, 0x00000000d5e00000)
  object space 52736K, 15% used [0x0000000081a00000,0x000000008220bb40,0x0000000084d80000)
 Metaspace       used 33483K, capacity 35268K, committed 35496K, reserved 1081344K
  class space    used 4220K, capacity 4549K, committed 4656K, reserved 1048576K
Event: 7.983 GC heap after
Heap after GC invocations=11 (full 2):
 PSYoungGen      total 101376K, used 0K [0x00000000d5e00000, 0x00000000df080000, 0x0000000100000000)
  eden space 92672K, 0% used [0x00000000d5e00000,0x00000000d5e00000,0x00000000db880000)
  from space 8704K, 0% used [0x00000000db880000,0x00000000db880000,0x00000000dc100000)
  to   space 10240K, 0% used [0x00000000de680000,0x00000000de680000,0x00000000df080000)
 ParOldGen       total 86016K, used 14725K [0x0000000081a00000, 0x0000000086e00000, 0x00000000d5e00000)
  object space 86016K, 17% used [0x0000000081a00000,0x0000000082861770,0x0000000086e00000)
 Metaspace       used 33483K, capacity 35268K, committed 35496K, reserved 1081344K
  class space    used 4220K, capacity 4549K, committed 4656K, reserved 1048576K
}
Event: 9.442 GC heap before
{Heap before GC invocations=12 (full 2):
 PSYoungGen      total 101376K, used 92672K [0x00000000d5e00000, 0x00000000df080000, 0x0000000100000000)
  eden space 92672K, 100% used [0x00000000d5e00000,0x00000000db880000,0x00000000db880000)
  from space 8704K, 0% used [0x00000000db880000,0x00000000db880000,0x00000000dc100000)
  to   space 10240K, 0% used [0x00000000de680000,0x00000000de680000,0x00000000df080000)
 ParOldGen       total 86016K, used 14725K [0x0000000081a00000, 0x0000000086e00000, 0x00000000d5e00000)
  object space 86016K, 17% used [0x0000000081a00000,0x0000000082861770,0x0000000086e00000)
 Metaspace       used 39326K, capacity 41670K, committed 41776K, reserved 1085440K
  class space    used 4934K, capacity 5322K, committed 5424K, reserved 1048576K
Event: 9.459 GC heap after
Heap after GC invocations=12 (full 2):
 PSYoungGen      total 125952K, used 8294K [0x00000000d5e00000, 0x00000000def00000, 0x0000000100000000)
  eden space 117248K, 0% used [0x00000000d5e00000,0x00000000d5e00000,0x00000000dd080000)
  from space 8704K, 95% used [0x00000000de680000,0x00000000dee99bd8,0x00000000def00000)
  to   space 10752K, 0% used [0x00000000dda00000,0x00000000dda00000,0x00000000de480000)
 ParOldGen       total 86016K, used 14733K [0x0000000081a00000, 0x0000000086e00000, 0x00000000d5e00000)
  object space 86016K, 17% used [0x0000000081a00000,0x0000000082863770,0x0000000086e00000)
 Metaspace       used 39326K, capacity 41670K, committed 41776K, reserved 1085440K
  class space    used 4934K, capacity 5322K, committed 5424K, reserved 1048576K
}

