# JRE version: Java(TM) SE Runtime Environment (8.0_221-b11) (build 1.8.0_221-b11)
# Java VM: Java HotSpot(TM) 64-Bit Server VM (25.221-b11 mixed mode windows-amd64 compressed oops)
Heap:
 PSYoungGen      total 70656K, used 62507K [0x00000000d5e00000, 0x00000000dbc80000, 0x0000000100000000)
  eden space 61952K, 93% used [0x00000000d5e00000,0x00000000d9644eb0,0x00000000d9a80000)
  from space 8704K, 56% used [0x00000000d9a80000,0x00000000d9f46100,0x00000000da300000)
  to   space 8192K, 0% used [0x00000000db480000,0x00000000db480000,0x00000000dbc80000)
 ParOldGen       total 56320K, used 6429K [0x0000000081a00000, 0x0000000085100000, 0x00000000d5e00000)
  object space 56320K, 11% used [0x0000000081a00000,0x0000000082047680,0x0000000085100000)
 Metaspace       used 27812K, capacity 29550K, committed 29872K, reserved 1075200K
  class space    used 3563K, capacity 3891K, committed 4016K, reserved 1048576K
GC Heap History (10 events):
Event: 4.069 GC heap before
{Heap before GC invocations=4 (full 0):
 PSYoungGen      total 38400K, used 38379K [0x00000000d5e00000, 0x00000000d8880000, 0x0000000100000000)
  eden space 33280K, 100% used [0x00000000d5e00000,0x00000000d7e80000,0x00000000d7e80000)
  from space 5120K, 99% used [0x00000000d7e80000,0x00000000d837ada0,0x00000000d8380000)
  to   space 5120K, 0% used [0x00000000d8380000,0x00000000d8380000,0x00000000d8880000)
 ParOldGen       total 87552K, used 563K [0x0000000081a00000, 0x0000000086f80000, 0x00000000d5e00000)
  object space 87552K, 0% used [0x0000000081a00000,0x0000000081a8cd18,0x0000000086f80000)
 Metaspace       used 18155K, capacity 19492K, committed 19840K, reserved 1067008K
  class space    used 2312K, capacity 2568K, committed 2688K, reserved 1048576K
Event: 4.080 GC heap after
Heap after GC invocations=4 (full 0):
 PSYoungGen      total 38400K, used 5109K [0x00000000d5e00000, 0x00000000da900000, 0x0000000100000000)
  eden space 33280K, 0% used [0x00000000d5e00000,0x00000000d5e00000,0x00000000d7e80000)
  from space 5120K, 99% used [0x00000000d8380000,0x00000000d887d680,0x00000000d8880000)
  to   space 5120K, 0% used [0x00000000d7e80000,0x00000000d7e80000,0x00000000d8380000)
 ParOldGen       total 87552K, used 2817K [0x0000000081a00000, 0x0000000086f80000, 0x00000000d5e00000)
  object space 87552K, 3% used [0x0000000081a00000,0x0000000081cc05e8,0x0000000086f80000)
 Metaspace       used 18155K, capacity 19492K, committed 19840K, reserved 1067008K
  class space    used 2312K, capacity 2568K, committed 2688K, reserved 1048576K
}
Event: 4.409 GC heap before
{Heap before GC invocations=5 (full 0):
 PSYoungGen      total 38400K, used 25166K [0x00000000d5e00000, 0x00000000da900000, 0x0000000100000000)
  eden space 33280K, 60% used [0x00000000d5e00000,0x00000000d7196270,0x00000000d7e80000)
  from space 5120K, 99% used [0x00000000d8380000,0x00000000d887d680,0x00000000d8880000)
  to   space 5120K, 0% used [0x00000000d7e80000,0x00000000d7e80000,0x00000000d8380000)
 ParOldGen       total 87552K, used 2817K [0x0000000081a00000, 0x0000000086f80000, 0x00000000d5e00000)
  object space 87552K, 3% used [0x0000000081a00000,0x0000000081cc05e8,0x0000000086f80000)
 Metaspace       used 19945K, capacity 21248K, committed 21296K, reserved 1067008K
  class space    used 2570K, capacity 2818K, committed 2864K, reserved 1048576K
Event: 4.423 GC heap after
Heap after GC invocations=5 (full 0):
 PSYoungGen      total 38400K, used 5091K [0x00000000d5e00000, 0x00000000db000000, 0x0000000100000000)
  eden space 33280K, 0% used [0x00000000d5e00000,0x00000000d5e00000,0x00000000d7e80000)
  from space 5120K, 99% used [0x00000000d7e80000,0x00000000d8378e58,0x00000000d8380000)
  to   space 8704K, 0% used [0x00000000da780000,0x00000000da780000,0x00000000db000000)
 ParOldGen       total 87552K, used 4318K [0x0000000081a00000, 0x0000000086f80000, 0x00000000d5e00000)
  object space 87552K, 4% used [0x0000000081a00000,0x0000000081e37bf8,0x0000000086f80000)
 Metaspace       used 19945K, capacity 21248K, committed 21296K, reserved 1067008K
  class space    used 2570K, capacity 2818K, committed 2864K, reserved 1048576K
}
Event: 4.423 GC heap before
{Heap before GC invocations=6 (full 1):
 PSYoungGen      total 38400K, used 5091K [0x00000000d5e00000, 0x00000000db000000, 0x0000000100000000)
  eden space 33280K, 0% used [0x00000000d5e00000,0x00000000d5e00000,0x00000000d7e80000)
  from space 5120K, 99% used [0x00000000d7e80000,0x00000000d8378e58,0x00000000d8380000)
  to   space 8704K, 0% used [0x00000000da780000,0x00000000da780000,0x00000000db000000)
 ParOldGen       total 87552K, used 4318K [0x0000000081a00000, 0x0000000086f80000, 0x00000000d5e00000)
  object space 87552K, 4% used [0x0000000081a00000,0x0000000081e37bf8,0x0000000086f80000)
 Metaspace       used 19945K, capacity 21248K, committed 21296K, reserved 1067008K
  class space    used 2570K, capacity 2818K, committed 2864K, reserved 1048576K
Event: 4.478 GC heap after
Heap after GC invocations=6 (full 1):
 PSYoungGen      total 38400K, used 0K [0x00000000d5e00000, 0x00000000db000000, 0x0000000100000000)
  eden space 33280K, 0% used [0x00000000d5e00000,0x00000000d5e00000,0x00000000d7e80000)
  from space 5120K, 0% used [0x00000000d7e80000,0x00000000d7e80000,0x00000000d8380000)
  to   space 8704K, 0% used [0x00000000da780000,0x00000000da780000,0x00000000db000000)
 ParOldGen       total 56320K, used 6413K [0x0000000081a00000, 0x0000000085100000, 0x00000000d5e00000)
  object space 56320K, 11% used [0x0000000081a00000,0x0000000082043680,0x0000000085100000)
 Metaspace       used 19945K, capacity 21248K, committed 21296K, reserved 1067008K
  class space    used 2570K, capacity 2818K, committed 2864K, reserved 1048576K
}
Event: 4.995 GC heap before
{Heap before GC invocations=7 (full 1):
 PSYoungGen      total 38400K, used 33280K [0x00000000d5e00000, 0x00000000db000000, 0x0000000100000000)
  eden space 33280K, 100% used [0x00000000d5e00000,0x00000000d7e80000,0x00000000d7e80000)
  from space 5120K, 0% used [0x00000000d7e80000,0x00000000d7e80000,0x00000000d8380000)
  to   space 8704K, 0% used [0x00000000da780000,0x00000000da780000,0x00000000db000000)
 ParOldGen       total 56320K, used 6413K [0x0000000081a00000, 0x0000000085100000, 0x00000000d5e00000)
  object space 56320K, 11% used [0x0000000081a00000,0x0000000082043680,0x0000000085100000)
 Metaspace       used 22900K, capacity 24336K, committed 24496K, reserved 1071104K
  class space    used 2954K, capacity 3238K, committed 3248K, reserved 1048576K
Event: 5.000 GC heap after
Heap after GC invocations=7 (full 1):
 PSYoungGen      total 56320K, used 3709K [0x00000000d5e00000, 0x00000000dab80000, 0x0000000100000000)
  eden space 52224K, 0% used [0x00000000d5e00000,0x00000000d5e00000,0x00000000d9100000)
  from space 4096K, 90% used [0x00000000da780000,0x00000000dab1f4c0,0x00000000dab80000)
  to   space 8704K, 0% used [0x00000000d9a80000,0x00000000d9a80000,0x00000000da300000)
 ParOldGen       total 56320K, used 6421K [0x0000000081a00000, 0x0000000085100000, 0x00000000d5e00000)
  object space 56320K, 11% used [0x0000000081a00000,0x0000000082045680,0x0000000085100000)
 Metaspace       used 22900K, capacity 24336K, committed 24496K, reserved 1071104K
  class space    used 2954K, capacity 3238K, committed 3248K, reserved 1048576K
}
Event: 5.594 GC heap before
{Heap before GC invocations=8 (full 1):
 PSYoungGen      total 56320K, used 55933K [0x00000000d5e00000, 0x00000000dab80000, 0x0000000100000000)
  eden space 52224K, 100% used [0x00000000d5e00000,0x00000000d9100000,0x00000000d9100000)
  from space 4096K, 90% used [0x00000000da780000,0x00000000dab1f4c0,0x00000000dab80000)
  to   space 8704K, 0% used [0x00000000d9a80000,0x00000000d9a80000,0x00000000da300000)
 ParOldGen       total 56320K, used 6421K [0x0000000081a00000, 0x0000000085100000, 0x00000000d5e00000)
  object space 56320K, 11% used [0x0000000081a00000,0x0000000082045680,0x0000000085100000)
 Metaspace       used 24610K, capacity 26198K, committed 26288K, reserved 1073152K
  class space    used 3141K, capacity 3443K, committed 3504K, reserved 1048576K
Event: 5.600 GC heap after
Heap after GC invocations=8 (full 1):
 PSYoungGen      total 70656K, used 4888K [0x00000000d5e00000, 0x00000000dbc80000, 0x0000000100000000)
  eden space 61952K, 0% used [0x00000000d5e00000,0x00000000d5e00000,0x00000000d9a80000)
  from space 8704K, 56% used [0x00000000d9a80000,0x00000000d9f46100,0x00000000da300000)
  to   space 8192K, 0% used [0x00000000db480000,0x00000000db480000,0x00000000dbc80000)
 ParOldGen       total 56320K, used 6429K [0x0000000081a00000, 0x0000000085100000, 0x00000000d5e00000)
  object space 56320K, 11% used [0x0000000081a00000,0x0000000082047680,0x0000000085100000)
 Metaspace       used 24610K, capacity 26198K, committed 26288K, reserved 1073152K
  class space    used 3141K, capacity 3443K, committed 3504K, reserved 1048576K
}

