# JRE version: Java(TM) SE Runtime Environment (8.0_221-b11) (build 1.8.0_221-b11)
# Java VM: Java HotSpot(TM) 64-Bit Server VM (25.221-b11 mixed mode windows-amd64 compressed oops)
Heap:
 PSYoungGen      total 202752K, used 164545K [0x00000000d5e00000, 0x00000000e4c80000, 0x0000000100000000)
  eden space 191488K, 85% used [0x00000000d5e00000,0x00000000dfeb07e0,0x00000000e1900000)
  from space 11264K, 0% used [0x00000000e2400000,0x00000000e2400000,0x00000000e2f00000)
  to   space 11264K, 0% used [0x00000000e1900000,0x00000000e1900000,0x00000000e2400000)
 ParOldGen       total 74240K, used 13055K [0x0000000081a00000, 0x0000000086280000, 0x00000000d5e00000)
  object space 74240K, 17% used [0x0000000081a00000,0x00000000826bfff8,0x0000000086280000)
 Metaspace       used 40716K, capacity 43296K, committed 43568K, reserved 1087488K
  class space    used 5221K, capacity 5639K, committed 5680K, reserved 1048576K
GC Heap History (10 events):
Event: 3.626 GC heap before
{Heap before GC invocations=6 (full 1):
 PSYoungGen      total 71680K, used 5115K [0x00000000d5e00000, 0x00000000df200000, 0x0000000100000000)
  eden space 66560K, 0% used [0x00000000d5e00000,0x00000000d5e00000,0x00000000d9f00000)
  from space 5120K, 99% used [0x00000000d9f00000,0x00000000da3fec58,0x00000000da400000)
  to   space 9216K, 0% used [0x00000000de900000,0x00000000de900000,0x00000000df200000)
 ParOldGen       total 87552K, used 5243K [0x0000000081a00000, 0x0000000086f80000, 0x00000000d5e00000)
  object space 87552K, 5% used [0x0000000081a00000,0x0000000081f1ef68,0x0000000086f80000)
 Metaspace       used 19951K, capacity 21240K, committed 21296K, reserved 1067008K
  class space    used 2585K, capacity 2836K, committed 2864K, reserved 1048576K
Event: 3.672 GC heap after
Heap after GC invocations=6 (full 1):
 PSYoungGen      total 71680K, used 0K [0x00000000d5e00000, 0x00000000df200000, 0x0000000100000000)
  eden space 66560K, 0% used [0x00000000d5e00000,0x00000000d5e00000,0x00000000d9f00000)
  from space 5120K, 0% used [0x00000000d9f00000,0x00000000d9f00000,0x00000000da400000)
  to   space 9216K, 0% used [0x00000000de900000,0x00000000de900000,0x00000000df200000)
 ParOldGen       total 50176K, used 5262K [0x0000000081a00000, 0x0000000084b00000, 0x00000000d5e00000)
  object space 50176K, 10% used [0x0000000081a00000,0x0000000081f23938,0x0000000084b00000)
 Metaspace       used 19951K, capacity 21240K, committed 21296K, reserved 1067008K
  class space    used 2585K, capacity 2836K, committed 2864K, reserved 1048576K
}
Event: 4.656 GC heap before
{Heap before GC invocations=7 (full 1):
 PSYoungGen      total 71680K, used 66560K [0x00000000d5e00000, 0x00000000df200000, 0x0000000100000000)
  eden space 66560K, 100% used [0x00000000d5e00000,0x00000000d9f00000,0x00000000d9f00000)
  from space 5120K, 0% used [0x00000000d9f00000,0x00000000d9f00000,0x00000000da400000)
  to   space 9216K, 0% used [0x00000000de900000,0x00000000de900000,0x00000000df200000)
 ParOldGen       total 50176K, used 5262K [0x0000000081a00000, 0x0000000084b00000, 0x00000000d5e00000)
  object space 50176K, 10% used [0x0000000081a00000,0x0000000081f23938,0x0000000084b00000)
 Metaspace       used 24304K, capacity 25754K, committed 26032K, reserved 1071104K
  class space    used 3133K, capacity 3403K, committed 3504K, reserved 1048576K
Event: 4.666 GC heap after
Heap after GC invocations=7 (full 1):
 PSYoungGen      total 121344K, used 6759K [0x00000000d5e00000, 0x00000000df000000, 0x0000000100000000)
  eden space 114176K, 0% used [0x00000000d5e00000,0x00000000d5e00000,0x00000000dcd80000)
  from space 7168K, 94% used [0x00000000de900000,0x00000000def99f98,0x00000000df000000)
  to   space 9216K, 0% used [0x00000000dde00000,0x00000000dde00000,0x00000000de700000)
 ParOldGen       total 50176K, used 5270K [0x0000000081a00000, 0x0000000084b00000, 0x00000000d5e00000)
  object space 50176K, 10% used [0x0000000081a00000,0x0000000081f25938,0x0000000084b00000)
 Metaspace       used 24304K, capacity 25754K, committed 26032K, reserved 1071104K
  class space    used 3133K, capacity 3403K, committed 3504K, reserved 1048576K
}
Event: 6.174 GC heap before
{Heap before GC invocations=8 (full 1):
 PSYoungGen      total 121344K, used 120935K [0x00000000d5e00000, 0x00000000df000000, 0x0000000100000000)
  eden space 114176K, 100% used [0x00000000d5e00000,0x00000000dcd80000,0x00000000dcd80000)
  from space 7168K, 94% used [0x00000000de900000,0x00000000def99f98,0x00000000df000000)
  to   space 9216K, 0% used [0x00000000dde00000,0x00000000dde00000,0x00000000de700000)
 ParOldGen       total 50176K, used 5270K [0x0000000081a00000, 0x0000000084b00000, 0x00000000d5e00000)
  object space 50176K, 10% used [0x0000000081a00000,0x0000000081f25938,0x0000000084b00000)
 Metaspace       used 30978K, capacity 32724K, committed 33072K, reserved 1077248K
  class space    used 3952K, capacity 4287K, committed 4400K, reserved 1048576K
Event: 6.191 GC heap after
Heap after GC invocations=8 (full 1):
 PSYoungGen      total 140288K, used 9215K [0x00000000d5e00000, 0x00000000e2f00000, 0x0000000100000000)
  eden space 131072K, 0% used [0x00000000d5e00000,0x00000000d5e00000,0x00000000dde00000)
  from space 9216K, 99% used [0x00000000dde00000,0x00000000de6ffd88,0x00000000de700000)
  to   space 11264K, 0% used [0x00000000e2400000,0x00000000e2400000,0x00000000e2f00000)
 ParOldGen       total 50176K, used 7734K [0x0000000081a00000, 0x0000000084b00000, 0x00000000d5e00000)
  object space 50176K, 15% used [0x0000000081a00000,0x000000008218db20,0x0000000084b00000)
 Metaspace       used 30978K, capacity 32724K, committed 33072K, reserved 1077248K
  class space    used 3952K, capacity 4287K, committed 4400K, reserved 1048576K
}
Event: 6.461 GC heap before
{Heap before GC invocations=9 (full 1):
 PSYoungGen      total 140288K, used 30726K [0x00000000d5e00000, 0x00000000e2f00000, 0x0000000100000000)
  eden space 131072K, 16% used [0x00000000d5e00000,0x00000000d7301ca8,0x00000000dde00000)
  from space 9216K, 99% used [0x00000000dde00000,0x00000000de6ffd88,0x00000000de700000)
  to   space 11264K, 0% used [0x00000000e2400000,0x00000000e2400000,0x00000000e2f00000)
 ParOldGen       total 50176K, used 7734K [0x0000000081a00000, 0x0000000084b00000, 0x00000000d5e00000)
  object space 50176K, 15% used [0x0000000081a00000,0x000000008218db20,0x0000000084b00000)
 Metaspace       used 33476K, capacity 35276K, committed 35496K, reserved 1081344K
  class space    used 4232K, capacity 4581K, committed 4656K, reserved 1048576K
Event: 6.471 GC heap after
Heap after GC invocations=9 (full 1):
 PSYoungGen      total 202752K, used 8249K [0x00000000d5e00000, 0x00000000e4c80000, 0x0000000100000000)
  eden space 191488K, 0% used [0x00000000d5e00000,0x00000000d5e00000,0x00000000e1900000)
  from space 11264K, 73% used [0x00000000e2400000,0x00000000e2c0e6a8,0x00000000e2f00000)
  to   space 11264K, 0% used [0x00000000e1900000,0x00000000e1900000,0x00000000e2400000)
 ParOldGen       total 50176K, used 7742K [0x0000000081a00000, 0x0000000084b00000, 0x00000000d5e00000)
  object space 50176K, 15% used [0x0000000081a00000,0x000000008218fb20,0x0000000084b00000)
 Metaspace       used 33476K, capacity 35276K, committed 35496K, reserved 1081344K
  class space    used 4232K, capacity 4581K, committed 4656K, reserved 1048576K
}
Event: 6.471 GC heap before
{Heap before GC invocations=10 (full 2):
 PSYoungGen      total 202752K, used 8249K [0x00000000d5e00000, 0x00000000e4c80000, 0x0000000100000000)
  eden space 191488K, 0% used [0x00000000d5e00000,0x00000000d5e00000,0x00000000e1900000)
  from space 11264K, 73% used [0x00000000e2400000,0x00000000e2c0e6a8,0x00000000e2f00000)
  to   space 11264K, 0% used [0x00000000e1900000,0x00000000e1900000,0x00000000e2400000)
 ParOldGen       total 50176K, used 7742K [0x0000000081a00000, 0x0000000084b00000, 0x00000000d5e00000)
  object space 50176K, 15% used [0x0000000081a00000,0x000000008218fb20,0x0000000084b00000)
 Metaspace       used 33476K, capacity 35276K, committed 35496K, reserved 1081344K
  class space    used 4232K, capacity 4581K, committed 4656K, reserved 1048576K
Event: 6.534 GC heap after
Heap after GC invocations=10 (full 2):
 PSYoungGen      total 202752K, used 0K [0x00000000d5e00000, 0x00000000e4c80000, 0x0000000100000000)
  eden space 191488K, 0% used [0x00000000d5e00000,0x00000000d5e00000,0x00000000e1900000)
  from space 11264K, 0% used [0x00000000e2400000,0x00000000e2400000,0x00000000e2f00000)
  to   space 11264K, 0% used [0x00000000e1900000,0x00000000e1900000,0x00000000e2400000)
 ParOldGen       total 74240K, used 13055K [0x0000000081a00000, 0x0000000086280000, 0x00000000d5e00000)
  object space 74240K, 17% used [0x0000000081a00000,0x00000000826bfff8,0x0000000086280000)
 Metaspace       used 33476K, capacity 35276K, committed 35496K, reserved 1081344K
  class space    used 4232K, capacity 4581K, committed 4656K, reserved 1048576K
}

